<?xml version="1.0" encoding="UTF-8"?>
<!-- Generated by org.testng.reporters.JUnitXMLReporter -->
<testsuite hostname="Muralis-MacBook-Pro.local" ignored="0" name="ForgotPassword Feature" tests="3" failures="0" timestamp="03 May 2018 00:20:25 GMT" time="18.049" errors="0">
  <testcase name="VerifyHomePageTitle" time="0.01" classname="com.shipt.qa.automation.tests.HomePageTest"/>
  <testcase name="closePopUpWindow" time="5.071" classname="com.shipt.qa.automation.tests.HomePageTest"/>
  <testcase name="clickLoginButton" time="5.083" classname="com.shipt.qa.automation.tests.HomePageTest"/>
</testsuite> <!-- ForgotPassword Feature -->
