<?xml version="1.0" encoding="UTF-8"?>
<!-- Generated by org.testng.reporters.JUnitXMLReporter -->
<testsuite hostname="Muralis-MacBook-Pro.local" ignored="0" name="HomePage Feature" tests="3" failures="0" timestamp="03 May 2018 18:42:24 GMT" time="14.377" errors="0">
  <testcase name="VerifyHomePageTitle" time="0.009" classname="com.shipt.qa.automation.tests.HomePageTest"/>
  <testcase name="closePopUpWindow" time="5.073" classname="com.shipt.qa.automation.tests.HomePageTest"/>
  <testcase name="clickLoginButton" time="5.081" classname="com.shipt.qa.automation.tests.HomePageTest"/>
</testsuite> <!-- HomePage Feature -->
