<?xml version="1.0" encoding="UTF-8"?>
<!-- Generated by org.testng.reporters.JUnitXMLReporter -->
<testsuite hostname="Muralis-MacBook-Pro.local" ignored="1" name="Rest Endpoints Tests" tests="3" failures="0" timestamp="03 May 2018 18:43:00 GMT" time="5.42" errors="0">
  <testcase name="testPeopleEndpointBySearchParameter" time="3.492" classname="com.shipt.qa.automation.restapi.tests.SwapiEndpoints"/>
  <testcase name="testHomeworldEndpoint" time="0.546" classname="com.shipt.qa.automation.restapi.tests.SwapiEndpoints"/>
  <testcase name="testFilmsEndpoint" time="1.379" classname="com.shipt.qa.automation.restapi.tests.SwapiEndpoints"/>
  <testcase name="test" time="0.0" classname="com.shipt.qa.automation.util.TestUtil">
    <ignored/>
  </testcase> <!-- test -->
</testsuite> <!-- Rest Endpoints Tests -->
