<?xml version="1.0" encoding="UTF-8"?>
<!-- Generated by org.testng.reporters.JUnitXMLReporter -->
<testsuite hostname="Muralis-MacBook-Pro.local" ignored="1" name="Default test" tests="4" failures="0" timestamp="03 May 2018 20:24:09 GMT" time="79.25" errors="0">
  <testcase name="verifyResetPagePasswordTextBoxTest" time="0.734" classname="com.shipt.qa.automation.tests.ForgotPasswordPageTest"/>
  <testcase name="verifyResetButtonTest" time="0.714" classname="com.shipt.qa.automation.tests.ForgotPasswordPageTest"/>
  <testcase name="verifyResetPasswordButtonClickWithInvalidEmail" time="4.291" classname="com.shipt.qa.automation.tests.ForgotPasswordPageTest"/>
  <testcase name="verifyResetPasswordButtonClickWithValidEmail" time="2.605" classname="com.shipt.qa.automation.tests.ForgotPasswordPageTest"/>
  <testcase name="verifyResetPasswordButtonClickWithEmptyEmail" time="0.0" classname="com.shipt.qa.automation.tests.ForgotPasswordPageTest">
    <ignored/>
  </testcase> <!-- verifyResetPasswordButtonClickWithEmptyEmail -->
</testsuite> <!-- Default test -->
